app/build/app/intermediates/manifest_merge_blame_file/release/manifest-merger-blame-release-report.txt
1<?xml version="1.0" encoding="utf-8"?>
2<manifest xmlns:android="http://schemas.android.com/apk/res/android"
3    package="com.example.app"
4    android:versionCode="2"
5    android:versionName="1.0.0" >
6
7    <uses-sdk
8        android:minSdkVersion="21"
9        android:targetSdkVersion="34" />
10
11    <uses-permission android:name="android.permission.WRITE_EXTERNAL_STORAGE" />
11-->src\main\AndroidManifest.xml:4:5-80
11-->src\main\AndroidManifest.xml:4:22-78
12    <uses-permission
12-->src\main\AndroidManifest.xml:5:5-79
13        android:name="android.permission.READ_EXTERNAL_STORAGE"
13-->src\main\AndroidManifest.xml:5:22-77
14        android:maxSdkVersion="32" />
14-->[:file_picker] AndroidManifest.xml:9:9-35
15    <!--
16         Required to query activities that can process text, see:
17         https://developer.android.com/training/package-visibility and
18         https://developer.android.com/reference/android/content/Intent#ACTION_PROCESS_TEXT.
19
20         In particular, this is used by the Flutter engine in io.flutter.plugin.text.ProcessTextPlugin.
21    -->
22    <queries>
22-->src\main\AndroidManifest.xml:45:5-50:15
23        <intent>
23-->src\main\AndroidManifest.xml:46:9-49:18
24            <action android:name="android.intent.action.PROCESS_TEXT" />
24-->src\main\AndroidManifest.xml:47:13-72
24-->src\main\AndroidManifest.xml:47:21-70
25
26            <data android:mimeType="text/plain" />
26-->src\main\AndroidManifest.xml:48:13-50
26-->src\main\AndroidManifest.xml:48:19-48
27        </intent>
28        <intent>
28-->[:file_picker] AndroidManifest.xml:12:9-16:18
29            <action android:name="android.intent.action.GET_CONTENT" />
29-->[:file_picker] AndroidManifest.xml:13:13-72
29-->[:file_picker] AndroidManifest.xml:13:21-69
30
31            <data android:mimeType="*/*" />
31-->src\main\AndroidManifest.xml:48:13-50
31-->src\main\AndroidManifest.xml:48:19-48
32        </intent>
33    </queries>
34
35    <permission
35-->[androidx.core:core:1.13.1] AndroidManifest.xml:22:5-24:47
36        android:name="com.example.app.DYNAMIC_RECEIVER_NOT_EXPORTED_PERMISSION"
36-->[androidx.core:core:1.13.1] AndroidManifest.xml:23:9-81
37        android:protectionLevel="signature" />
37-->[androidx.core:core:1.13.1] AndroidManifest.xml:24:9-44
38
39    <uses-permission android:name="com.example.app.DYNAMIC_RECEIVER_NOT_EXPORTED_PERMISSION" />
39-->[androidx.core:core:1.13.1] AndroidManifest.xml:26:5-97
39-->[androidx.core:core:1.13.1] AndroidManifest.xml:26:22-94
40
41    <application
42        android:name="android.app.Application"
42-->src\main\AndroidManifest.xml:9:9-42
43        android:appComponentFactory="androidx.core.app.CoreComponentFactory"
43-->[androidx.core:core:1.13.1] AndroidManifest.xml:28:18-86
44        android:extractNativeLibs="true"
45        android:icon="@mipmap/ic_launcher"
45-->src\main\AndroidManifest.xml:11:9-43
46        android:label="Crackor"
46-->src\main\AndroidManifest.xml:8:9-32
47        android:requestLegacyExternalStorage="true" >
47-->src\main\AndroidManifest.xml:10:9-52
48        <activity
48-->src\main\AndroidManifest.xml:12:9-33:20
49            android:name="com.example.app.MainActivity"
49-->src\main\AndroidManifest.xml:13:13-41
50            android:configChanges="orientation|keyboardHidden|keyboard|screenSize|smallestScreenSize|locale|layoutDirection|fontScale|screenLayout|density|uiMode"
50-->src\main\AndroidManifest.xml:18:13-163
51            android:exported="true"
51-->src\main\AndroidManifest.xml:14:13-36
52            android:hardwareAccelerated="true"
52-->src\main\AndroidManifest.xml:19:13-47
53            android:launchMode="singleTop"
53-->src\main\AndroidManifest.xml:15:13-43
54            android:taskAffinity=""
54-->src\main\AndroidManifest.xml:16:13-36
55            android:theme="@style/LaunchTheme"
55-->src\main\AndroidManifest.xml:17:13-47
56            android:windowSoftInputMode="adjustResize" >
56-->src\main\AndroidManifest.xml:20:13-55
57
58            <!--
59                 Specifies an Android theme to apply to this Activity as soon as
60                 the Android process has started. This theme is visible to the user
61                 while the Flutter UI initializes. After that, this theme continues
62                 to determine the Window background behind the Flutter UI.
63            -->
64            <meta-data
64-->src\main\AndroidManifest.xml:25:13-28:17
65                android:name="io.flutter.embedding.android.NormalTheme"
65-->src\main\AndroidManifest.xml:26:15-70
66                android:resource="@style/NormalTheme" />
66-->src\main\AndroidManifest.xml:27:15-52
67
68            <intent-filter>
68-->src\main\AndroidManifest.xml:29:13-32:29
69                <action android:name="android.intent.action.MAIN" />
69-->src\main\AndroidManifest.xml:30:17-68
69-->src\main\AndroidManifest.xml:30:25-66
70
71                <category android:name="android.intent.category.LAUNCHER" />
71-->src\main\AndroidManifest.xml:31:17-76
71-->src\main\AndroidManifest.xml:31:27-74
72            </intent-filter>
73        </activity>
74        <!--
75             Don't delete the meta-data below.
76             This is used by the Flutter tool to generate GeneratedPluginRegistrant.java
77        -->
78        <meta-data
78-->src\main\AndroidManifest.xml:36:9-38:33
79            android:name="flutterEmbedding"
79-->src\main\AndroidManifest.xml:37:13-44
80            android:value="2" />
80-->src\main\AndroidManifest.xml:38:13-30
81
82        <provider
82-->[:image_picker_android] AndroidManifest.xml:9:9-17:20
83            android:name="io.flutter.plugins.imagepicker.ImagePickerFileProvider"
83-->[:image_picker_android] AndroidManifest.xml:10:13-82
84            android:authorities="com.example.app.flutter.image_provider"
84-->[:image_picker_android] AndroidManifest.xml:11:13-74
85            android:exported="false"
85-->[:image_picker_android] AndroidManifest.xml:12:13-37
86            android:grantUriPermissions="true" >
86-->[:image_picker_android] AndroidManifest.xml:13:13-47
87            <meta-data
87-->[:image_picker_android] AndroidManifest.xml:14:13-16:75
88                android:name="android.support.FILE_PROVIDER_PATHS"
88-->[:image_picker_android] AndroidManifest.xml:15:17-67
89                android:resource="@xml/flutter_image_picker_file_paths" />
89-->[:image_picker_android] AndroidManifest.xml:16:17-72
90        </provider> <!-- Trigger Google Play services to install the backported photo picker module. -->
91        <service
91-->[:image_picker_android] AndroidManifest.xml:19:9-31:19
92            android:name="com.google.android.gms.metadata.ModuleDependencies"
92-->[:image_picker_android] AndroidManifest.xml:20:13-78
93            android:enabled="false"
93-->[:image_picker_android] AndroidManifest.xml:21:13-36
94            android:exported="false" >
94-->[:image_picker_android] AndroidManifest.xml:22:13-37
95            <intent-filter>
95-->[:image_picker_android] AndroidManifest.xml:24:13-26:29
96                <action android:name="com.google.android.gms.metadata.MODULE_DEPENDENCIES" />
96-->[:image_picker_android] AndroidManifest.xml:25:17-94
96-->[:image_picker_android] AndroidManifest.xml:25:25-91
97            </intent-filter>
98
99            <meta-data
99-->[:image_picker_android] AndroidManifest.xml:28:13-30:36
100                android:name="photopicker_activity:0:required"
100-->[:image_picker_android] AndroidManifest.xml:29:17-63
101                android:value="" />
101-->[:image_picker_android] AndroidManifest.xml:30:17-33
102        </service>
103
104        <activity
104-->[:url_launcher_android] AndroidManifest.xml:8:9-11:74
105            android:name="io.flutter.plugins.urllauncher.WebViewActivity"
105-->[:url_launcher_android] AndroidManifest.xml:9:13-74
106            android:exported="false"
106-->[:url_launcher_android] AndroidManifest.xml:10:13-37
107            android:theme="@android:style/Theme.NoTitleBar.Fullscreen" />
107-->[:url_launcher_android] AndroidManifest.xml:11:13-71
108
109        <uses-library
109-->[androidx.window:window:1.2.0] AndroidManifest.xml:23:9-25:40
110            android:name="androidx.window.extensions"
110-->[androidx.window:window:1.2.0] AndroidManifest.xml:24:13-54
111            android:required="false" />
111-->[androidx.window:window:1.2.0] AndroidManifest.xml:25:13-37
112        <uses-library
112-->[androidx.window:window:1.2.0] AndroidManifest.xml:26:9-28:40
113            android:name="androidx.window.sidecar"
113-->[androidx.window:window:1.2.0] AndroidManifest.xml:27:13-51
114            android:required="false" />
114-->[androidx.window:window:1.2.0] AndroidManifest.xml:28:13-37
115
116        <provider
116-->[androidx.lifecycle:lifecycle-process:2.7.0] AndroidManifest.xml:24:9-32:20
117            android:name="androidx.startup.InitializationProvider"
117-->[androidx.lifecycle:lifecycle-process:2.7.0] AndroidManifest.xml:25:13-67
118            android:authorities="com.example.app.androidx-startup"
118-->[androidx.lifecycle:lifecycle-process:2.7.0] AndroidManifest.xml:26:13-68
119            android:exported="false" >
119-->[androidx.lifecycle:lifecycle-process:2.7.0] AndroidManifest.xml:27:13-37
120            <meta-data
120-->[androidx.lifecycle:lifecycle-process:2.7.0] AndroidManifest.xml:29:13-31:52
121                android:name="androidx.lifecycle.ProcessLifecycleInitializer"
121-->[androidx.lifecycle:lifecycle-process:2.7.0] AndroidManifest.xml:30:17-78
122                android:value="androidx.startup" />
122-->[androidx.lifecycle:lifecycle-process:2.7.0] AndroidManifest.xml:31:17-49
123            <meta-data
123-->[androidx.profileinstaller:profileinstaller:1.3.1] AndroidManifest.xml:29:13-31:52
124                android:name="androidx.profileinstaller.ProfileInstallerInitializer"
124-->[androidx.profileinstaller:profileinstaller:1.3.1] AndroidManifest.xml:30:17-85
125                android:value="androidx.startup" />
125-->[androidx.profileinstaller:profileinstaller:1.3.1] AndroidManifest.xml:31:17-49
126        </provider>
127
128        <receiver
128-->[androidx.profileinstaller:profileinstaller:1.3.1] AndroidManifest.xml:34:9-52:20
129            android:name="androidx.profileinstaller.ProfileInstallReceiver"
129-->[androidx.profileinstaller:profileinstaller:1.3.1] AndroidManifest.xml:35:13-76
130            android:directBootAware="false"
130-->[androidx.profileinstaller:profileinstaller:1.3.1] AndroidManifest.xml:36:13-44
131            android:enabled="true"
131-->[androidx.profileinstaller:profileinstaller:1.3.1] AndroidManifest.xml:37:13-35
132            android:exported="true"
132-->[androidx.profileinstaller:profileinstaller:1.3.1] AndroidManifest.xml:38:13-36
133            android:permission="android.permission.DUMP" >
133-->[androidx.profileinstaller:profileinstaller:1.3.1] AndroidManifest.xml:39:13-57
134            <intent-filter>
134-->[androidx.profileinstaller:profileinstaller:1.3.1] AndroidManifest.xml:40:13-42:29
135                <action android:name="androidx.profileinstaller.action.INSTALL_PROFILE" />
135-->[androidx.profileinstaller:profileinstaller:1.3.1] AndroidManifest.xml:41:17-91
135-->[androidx.profileinstaller:profileinstaller:1.3.1] AndroidManifest.xml:41:25-88
136            </intent-filter>
137            <intent-filter>
137-->[androidx.profileinstaller:profileinstaller:1.3.1] AndroidManifest.xml:43:13-45:29
138                <action android:name="androidx.profileinstaller.action.SKIP_FILE" />
138-->[androidx.profileinstaller:profileinstaller:1.3.1] AndroidManifest.xml:44:17-85
138-->[androidx.profileinstaller:profileinstaller:1.3.1] AndroidManifest.xml:44:25-82
139            </intent-filter>
140            <intent-filter>
140-->[androidx.profileinstaller:profileinstaller:1.3.1] AndroidManifest.xml:46:13-48:29
141                <action android:name="androidx.profileinstaller.action.SAVE_PROFILE" />
141-->[androidx.profileinstaller:profileinstaller:1.3.1] AndroidManifest.xml:47:17-88
141-->[androidx.profileinstaller:profileinstaller:1.3.1] AndroidManifest.xml:47:25-85
142            </intent-filter>
143            <intent-filter>
143-->[androidx.profileinstaller:profileinstaller:1.3.1] AndroidManifest.xml:49:13-51:29
144                <action android:name="androidx.profileinstaller.action.BENCHMARK_OPERATION" />
144-->[androidx.profileinstaller:profileinstaller:1.3.1] AndroidManifest.xml:50:17-95
144-->[androidx.profileinstaller:profileinstaller:1.3.1] AndroidManifest.xml:50:25-92
145            </intent-filter>
146        </receiver>
147    </application>
148
149</manifest>